{"C:\\Users\\dwija\\OneDrive\\Desktop\\FrontEnd\\ReactJS\\src\\Slices\\cart.js": {"path":"C:\\Users\\dwija\\OneDrive\\Desktop\\FrontEnd\\ReactJS\\src\\Slices\\cart.js","statementMap":{"0":{"start":{"line":5,"column":18},"end":{"line":24,"column":2}},"1":{"start":{"line":14,"column":12},"end":{"line":14,"column":39}},"2":{"start":{"line":15,"column":12},"end":{"line":15,"column":43}},"3":{"start":{"line":27,"column":42},"end":{"line":27,"column":60}}},"fnMap":{"0":{"name":"(anonymous_0)","decl":{"start":{"line":13,"column":8},"end":{"line":13,"column":9}},"loc":{"start":{"line":13,"column":28},"end":{"line":16,"column":9}},"line":13},"1":{"name":"(anonymous_1)","decl":{"start":{"line":17,"column":8},"end":{"line":17,"column":9}},"loc":{"start":{"line":17,"column":31},"end":{"line":19,"column":9}},"line":17},"2":{"name":"(anonymous_2)","decl":{"start":{"line":20,"column":8},"end":{"line":20,"column":9}},"loc":{"start":{"line":20,"column":31},"end":{"line":22,"column":9}},"line":20}},"branchMap":{},"s":{"0":1,"1":0,"2":0,"3":1},"f":{"0":0,"1":0,"2":0},"b":{},"_coverageSchema":"1a1c01bbd47fc00a2c39e90264f33305004495a9","hash":"3b8155592ba2c85ce2aeebe5c331e29146650e84"}
,"C:\\Users\\dwija\\OneDrive\\Desktop\\FrontEnd\\ReactJS\\src\\Store\\store.js": {"path":"C:\\Users\\dwija\\OneDrive\\Desktop\\FrontEnd\\ReactJS\\src\\Store\\store.js","statementMap":{"0":{"start":{"line":6,"column":13},"end":{"line":11,"column":2}}},"fnMap":{},"branchMap":{},"s":{"0":1},"f":{},"b":{},"_coverageSchema":"1a1c01bbd47fc00a2c39e90264f33305004495a9","hash":"46088bce0256d84398d3ffed9dd9b7b60ff87fd1"}
,"C:\\Users\\dwija\\OneDrive\\Desktop\\FrontEnd\\ReactJS\\src\\components\\Contact.js": {"path":"C:\\Users\\dwija\\OneDrive\\Desktop\\FrontEnd\\ReactJS\\src\\components\\Contact.js","statementMap":{"0":{"start":{"line":4,"column":14},"end":{"line":11,"column":1}},"1":{"start":{"line":6,"column":4},"end":{"line":10,"column":5}}},"fnMap":{"0":{"name":"(anonymous_0)","decl":{"start":{"line":4,"column":14},"end":{"line":4,"column":15}},"loc":{"start":{"line":4,"column":18},"end":{"line":11,"column":1}},"line":4}},"branchMap":{},"s":{"0":1,"1":1},"f":{"0":1},"b":{},"_coverageSchema":"1a1c01bbd47fc00a2c39e90264f33305004495a9","hash":"6f5a5e6be80c57b25fdf697cb6f7d74db57d2489"}
,"C:\\Users\\dwija\\OneDrive\\Desktop\\FrontEnd\\ReactJS\\src\\components\\Header.js": {"path":"C:\\Users\\dwija\\OneDrive\\Desktop\\FrontEnd\\ReactJS\\src\\components\\Header.js","statementMap":{"0":{"start":{"line":9,"column":15},"end":{"line":48,"column":3}},"1":{"start":{"line":10,"column":15},"end":{"line":10,"column":26}},"2":{"start":{"line":11,"column":19},"end":{"line":11,"column":36}},"3":{"start":{"line":13,"column":14},"end":{"line":13,"column":37}},"4":{"start":{"line":14,"column":2},"end":{"line":14,"column":58}},"5":{"start":{"line":16,"column":20},"end":{"line":16,"column":57}},"6":{"start":{"line":16,"column":41},"end":{"line":16,"column":56}},"7":{"start":{"line":18,"column":4},"end":{"line":47,"column":6}},"8":{"start":{"line":39,"column":10},"end":{"line":39,"column":56}}},"fnMap":{"0":{"name":"(anonymous_0)","decl":{"start":{"line":9,"column":15},"end":{"line":9,"column":16}},"loc":{"start":{"line":9,"column":21},"end":{"line":48,"column":3}},"line":9},"1":{"name":"(anonymous_1)","decl":{"start":{"line":16,"column":32},"end":{"line":16,"column":33}},"loc":{"start":{"line":16,"column":41},"end":{"line":16,"column":56}},"line":16},"2":{"name":"(anonymous_2)","decl":{"start":{"line":38,"column":47},"end":{"line":38,"column":48}},"loc":{"start":{"line":38,"column":51},"end":{"line":40,"column":11}},"line":38}},"branchMap":{"0":{"loc":{"start":{"line":33,"column":32},"end":{"line":33,"column":48}},"type":"cond-expr","locations":[{"start":{"line":33,"column":39},"end":{"line":33,"column":43}},{"start":{"line":33,"column":44},"end":{"line":33,"column":48}}],"line":33},"1":{"loc":{"start":{"line":39,"column":10},"end":{"line":39,"column":56}},"type":"cond-expr","locations":[{"start":{"line":39,"column":24},"end":{"line":39,"column":40}},{"start":{"line":39,"column":41},"end":{"line":39,"column":56}}],"line":39}},"s":{"0":1,"1":4,"2":3,"3":3,"4":3,"5":3,"6":5,"7":3,"8":1},"f":{"0":4,"1":5,"2":1},"b":{"0":[3,0],"1":[1,0]},"_coverageSchema":"1a1c01bbd47fc00a2c39e90264f33305004495a9","hash":"7316b7bb95024b71d9aeb877fe9ac0e92450de41"}
,"C:\\Users\\dwija\\OneDrive\\Desktop\\FrontEnd\\ReactJS\\src\\utils\\UserContext.js": {"path":"C:\\Users\\dwija\\OneDrive\\Desktop\\FrontEnd\\ReactJS\\src\\utils\\UserContext.js","statementMap":{"0":{"start":{"line":4,"column":18},"end":{"line":6,"column":2}}},"fnMap":{},"branchMap":{},"s":{"0":1},"f":{},"b":{},"_coverageSchema":"1a1c01bbd47fc00a2c39e90264f33305004495a9","hash":"999c4bd46cdc33918607c5ce4a6618ecd8665967"}
,"C:\\Users\\dwija\\OneDrive\\Desktop\\FrontEnd\\ReactJS\\src\\utils\\constants.js": {"path":"C:\\Users\\dwija\\OneDrive\\Desktop\\FrontEnd\\ReactJS\\src\\utils\\constants.js","statementMap":{"0":{"start":{"line":4,"column":22},"end":{"line":4,"column":113}},"1":{"start":{"line":8,"column":21},"end":{"line":8,"column":132}},"2":{"start":{"line":10,"column":24},"end":{"line":10,"column":151}},"3":{"start":{"line":15,"column":22},"end":{"line":15,"column":172}}},"fnMap":{},"branchMap":{},"s":{"0":1,"1":1,"2":1,"3":1},"f":{},"b":{},"_coverageSchema":"1a1c01bbd47fc00a2c39e90264f33305004495a9","hash":"cf3102737ce6642e9d8a0de732d41b6660cc6f82"}
,"C:\\Users\\dwija\\OneDrive\\Desktop\\FrontEnd\\ReactJS\\src\\utils\\useStatus.js": {"path":"C:\\Users\\dwija\\OneDrive\\Desktop\\FrontEnd\\ReactJS\\src\\utils\\useStatus.js","statementMap":{"0":{"start":{"line":6,"column":17},"end":{"line":22,"column":1}},"1":{"start":{"line":8,"column":38},"end":{"line":8,"column":52}},"2":{"start":{"line":10,"column":0},"end":{"line":17,"column":5}},"3":{"start":{"line":11,"column":4},"end":{"line":12,"column":32}},"4":{"start":{"line":12,"column":8},"end":{"line":12,"column":30}},"5":{"start":{"line":14,"column":4},"end":{"line":15,"column":31}},"6":{"start":{"line":15,"column":8},"end":{"line":15,"column":29}},"7":{"start":{"line":20,"column":2},"end":{"line":20,"column":21}}},"fnMap":{"0":{"name":"(anonymous_0)","decl":{"start":{"line":6,"column":17},"end":{"line":6,"column":18}},"loc":{"start":{"line":6,"column":21},"end":{"line":22,"column":1}},"line":6},"1":{"name":"(anonymous_1)","decl":{"start":{"line":10,"column":10},"end":{"line":10,"column":11}},"loc":{"start":{"line":10,"column":14},"end":{"line":17,"column":1}},"line":10},"2":{"name":"(anonymous_2)","decl":{"start":{"line":11,"column":38},"end":{"line":11,"column":39}},"loc":{"start":{"line":11,"column":43},"end":{"line":12,"column":31}},"line":11},"3":{"name":"(anonymous_3)","decl":{"start":{"line":14,"column":37},"end":{"line":14,"column":38}},"loc":{"start":{"line":14,"column":42},"end":{"line":15,"column":30}},"line":14}},"branchMap":{},"s":{"0":1,"1":4,"2":3,"3":2,"4":0,"5":2,"6":0,"7":3},"f":{"0":4,"1":2,"2":0,"3":0},"b":{},"_coverageSchema":"1a1c01bbd47fc00a2c39e90264f33305004495a9","hash":"7c0b5a2c27598838f3568a34295c6a424f8019c9"}
}
